[2024-04-28 00:32:13.308] [info] Updating Model file from 40000 to latest format...
[2024-04-28 00:32:13.318] [info] Loaded model Pose2Sim_scaled from file C:\Users\user\Desktop\3d_temp\Model_Pose2Sim_Halpe26_scaled.osim
[2024-04-28 00:32:13.672] [info] Storage: read data file = C:\Users\user\Desktop\3d_temp\Balancing_for_IK_BODY.mot (nr=176 nc=63)
[2024-04-28 00:32:27.571] [info] Updating Model file from 40000 to latest format...
[2024-04-28 00:32:27.581] [info] Loaded model Pose2Sim_scaled from file C:\Users\user\Desktop\3d_temp\Model_Pose2Sim_Halpe26_scaled.osim
[2024-04-28 00:32:27.590] [info] Storage: read data file = C:\Users\user\Desktop\3d_temp\Balancing_for_IK_BODY.mot (nr=176 nc=63)
[2024-04-28 00:36:50.751] [info] Updating Model file from 40000 to latest format...
[2024-04-28 00:36:50.762] [info] Loaded model Pose2Sim_scaled from file C:\Users\user\Desktop\3d_temp\Model_Pose2Sim_Halpe26_scaled.osim
[2024-04-28 00:36:50.771] [info] Storage: read data file = C:\Users\user\Desktop\3d_temp\Balancing_for_IK_BODY.mot (nr=176 nc=63)
[2024-04-28 00:37:34.987] [info] Updating Model file from 40000 to latest format...
[2024-04-28 00:37:34.997] [info] Loaded model Pose2Sim_scaled from file C:\Users\user\Desktop\3d_temp\Model_Pose2Sim_Halpe26_scaled.osim
[2024-04-28 00:37:35.006] [info] Storage: read data file = C:\Users\user\Desktop\3d_temp\Balancing_for_IK_BODY.mot (nr=176 nc=63)
[2024-04-28 00:40:09.301] [info] Updating Model file from 40000 to latest format...
[2024-04-28 00:40:09.311] [info] Loaded model Pose2Sim_scaled from file C:\Users\user\Desktop\3d_temp\Model_Pose2Sim_Halpe26_scaled.osim
[2024-04-28 00:40:09.570] [info] Storage: read data file = C:\Users\user\Desktop\3d_temp\Balancing_for_IK_BODY.mot (nr=176 nc=63)
[2024-04-28 00:42:37.083] [info] Updating Model file from 40000 to latest format...
[2024-04-28 00:42:37.093] [info] Loaded model Pose2Sim_scaled from file C:\Users\user\Desktop\3d_temp\Model_Pose2Sim_Halpe26_scaled.osim
[2024-04-28 00:42:37.345] [info] Storage: read data file = C:\Users\user\Desktop\3d_temp\Balancing_for_IK_BODY.mot (nr=176 nc=63)
[2024-04-28 00:46:42.514] [info] Updating Model file from 40000 to latest format...
[2024-04-28 00:46:42.524] [info] Loaded model Pose2Sim_scaled from file C:\Users\user\Desktop\3d_temp\Model_Pose2Sim_Halpe26_scaled.osim
[2024-04-28 00:46:42.779] [info] Storage: read data file = C:\Users\user\Desktop\3d_temp\Balancing_for_IK_BODY.mot (nr=176 nc=63)
[2024-04-28 00:46:55.154] [info] Updating Model file from 40000 to latest format...
[2024-04-28 00:46:55.164] [info] Loaded model Pose2Sim_scaled from file C:\Users\user\Desktop\3d_temp\Model_Pose2Sim_Halpe26_scaled.osim
[2024-04-28 00:46:55.418] [info] Storage: read data file = C:\Users\user\Desktop\3d_temp\Balancing_for_IK_BODY.mot (nr=176 nc=63)
[2024-04-28 00:48:23.239] [info] Updating Model file from 40000 to latest format...
[2024-04-28 00:48:23.250] [info] Loaded model Pose2Sim_scaled from file C:\Users\user\Desktop\3d_temp\Model_Pose2Sim_Halpe26_scaled.osim
[2024-04-28 00:48:23.503] [info] Storage: read data file = C:\Users\user\Desktop\3d_temp\Balancing_for_IK_BODY.mot (nr=176 nc=63)
[2024-04-28 00:51:28.054] [info] Updating Model file from 40000 to latest format...
[2024-04-28 00:51:28.064] [info] Loaded model Pose2Sim_scaled from file C:\Users\user\Desktop\3d_temp\Model_Pose2Sim_Halpe26_scaled.osim
[2024-04-28 00:51:28.320] [info] Storage: read data file = C:\Users\user\Desktop\3d_temp\Balancing_for_IK_BODY.mot (nr=176 nc=63)
[2024-04-28 00:59:06.597] [info] Updating Model file from 40000 to latest format...
[2024-04-28 00:59:06.607] [info] Loaded model Pose2Sim_scaled from file C:\Users\user\Desktop\3d_temp\Model_Pose2Sim_Halpe26_scaled.osim
[2024-04-28 00:59:06.861] [info] Storage: read data file = C:\Users\user\Desktop\3d_temp\Balancing_for_IK_BODY.mot (nr=176 nc=63)
[2024-04-28 00:59:16.643] [info] Updating Model file from 40000 to latest format...
[2024-04-28 00:59:16.653] [info] Loaded model Pose2Sim_scaled from file C:\Users\user\Desktop\3d_temp\Model_Pose2Sim_Halpe26_scaled.osim
[2024-04-28 00:59:16.906] [info] Storage: read data file = C:\Users\user\Desktop\3d_temp\Balancing_for_IK_BODY.mot (nr=176 nc=63)
[2024-04-28 01:14:00.207] [info] Updating Model file from 40000 to latest format...
[2024-04-28 01:14:00.217] [info] Loaded model Pose2Sim_scaled from file C:\Users\user\Desktop\3d_temp\Model_Pose2Sim_Halpe26_scaled.osim
[2024-04-28 01:14:00.226] [info] Storage: read data file = C:\Users\user\Desktop\3d_temp\Balancing_for_IK_BODY.mot (nr=176 nc=63)
[2024-04-28 01:18:26.114] [info] Updating Model file from 40000 to latest format...
[2024-04-28 01:18:26.123] [info] Loaded model Pose2Sim_scaled from file C:\Users\user\Desktop\3d_temp\Model_Pose2Sim_Halpe26_scaled.osim
[2024-04-28 01:18:26.377] [info] Storage: read data file = C:\Users\user\Desktop\3d_temp\Balancing_for_IK_BODY.mot (nr=176 nc=63)
[2024-04-28 01:23:18.106] [info] Updating Model file from 40000 to latest format...
[2024-04-28 01:23:18.116] [info] Loaded model Pose2Sim_scaled from file C:\Users\user\Desktop\3d_temp\Model_Pose2Sim_Halpe26_scaled.osim
[2024-04-28 01:23:18.376] [info] Storage: read data file = C:\Users\user\Desktop\3d_temp\Balancing_for_IK_BODY.mot (nr=176 nc=63)
[2024-04-28 19:11:56.001] [info] Updating Model file from 40000 to latest format...
[2024-04-28 19:11:56.011] [info] Loaded model Pose2Sim_scaled from file C:\Users\user\Desktop\3d_temp\Model_Pose2Sim_Halpe26_scaled.osim
[2024-04-28 19:12:55.654] [info] Updating Model file from 40000 to latest format...
[2024-04-28 19:12:55.664] [info] Loaded model Pose2Sim_scaled from file C:\Users\user\Desktop\3d_temp\Model_Pose2Sim_Halpe26_scaled.osim
[2024-04-28 19:14:38.374] [info] Updating Model file from 40000 to latest format...
[2024-04-28 19:14:38.383] [info] Loaded model Pose2Sim_scaled from file C:\Users\user\Desktop\3d_temp\Model_Pose2Sim_Halpe26_scaled.osim
[2024-04-28 19:15:10.242] [info] Updating Model file from 40000 to latest format...
[2024-04-28 19:15:10.252] [info] Loaded model Pose2Sim_scaled from file C:\Users\user\Desktop\3d_temp\Model_Pose2Sim_Halpe26_scaled.osim
[2024-04-28 19:15:23.176] [info] Updating Model file from 40000 to latest format...
[2024-04-28 19:15:23.185] [info] Loaded model Pose2Sim_scaled from file C:\Users\user\Desktop\3d_temp\Model_Pose2Sim_Halpe26_scaled.osim
[2024-04-28 19:15:29.862] [info] Updating Model file from 40000 to latest format...
[2024-04-28 19:15:29.872] [info] Loaded model Pose2Sim_scaled from file C:\Users\user\Desktop\3d_temp\Model_Pose2Sim_Halpe26_scaled.osim
[2024-04-28 19:15:29.965] [warning] Coordinate.setValue:  coordinate mtp_angle_r is locked. Unable to change its value.
[2024-04-28 19:15:29.965] [warning] Coordinate.setValue:  coordinate mtp_angle_l is locked. Unable to change its value.
[2024-04-28 19:15:29.965] [warning] Coordinate.setValue:  coordinate Abs_t1 is locked. Unable to change its value.
[2024-04-28 19:15:29.965] [warning] Coordinate.setValue:  coordinate Abs_t2 is locked. Unable to change its value.
[2024-04-28 19:15:52.655] [info] Updating Model file from 40000 to latest format...
[2024-04-28 19:15:52.664] [info] Loaded model Pose2Sim_scaled from file C:\Users\user\Desktop\3d_temp\Model_Pose2Sim_Halpe26_scaled.osim
[2024-04-28 19:15:52.778] [warning] Coordinate.setValue:  coordinate mtp_angle_r is locked. Unable to change its value.
[2024-04-28 19:15:52.778] [warning] Coordinate.setValue:  coordinate mtp_angle_l is locked. Unable to change its value.
[2024-04-28 19:15:52.779] [warning] Coordinate.setValue:  coordinate Abs_t1 is locked. Unable to change its value.
[2024-04-28 19:15:52.779] [warning] Coordinate.setValue:  coordinate Abs_t2 is locked. Unable to change its value.
[2024-04-28 19:21:32.901] [info] Updating Model file from 40000 to latest format...
[2024-04-28 19:21:32.910] [info] Loaded model Pose2Sim_scaled from file C:\Users\user\Desktop\3d_temp\Model_Pose2Sim_Halpe26_scaled.osim
[2024-04-28 19:21:33.018] [warning] Coordinate.setValue:  coordinate mtp_angle_r is locked. Unable to change its value.
[2024-04-28 19:21:33.018] [warning] Coordinate.setValue:  coordinate mtp_angle_l is locked. Unable to change its value.
[2024-04-28 19:21:33.018] [warning] Coordinate.setValue:  coordinate Abs_t1 is locked. Unable to change its value.
[2024-04-28 19:21:33.018] [warning] Coordinate.setValue:  coordinate Abs_t2 is locked. Unable to change its value.
[2024-04-28 19:28:15.602] [info] Updating Model file from 40000 to latest format...
[2024-04-28 19:28:15.612] [info] Loaded model Pose2Sim_scaled from file C:\Users\user\Desktop\3d_temp\Model_Pose2Sim_Halpe26_scaled.osim
[2024-04-28 19:28:15.712] [warning] Coordinate.setValue:  coordinate mtp_angle_r is locked. Unable to change its value.
[2024-04-28 19:28:15.712] [warning] Coordinate.setValue:  coordinate mtp_angle_l is locked. Unable to change its value.
[2024-04-28 19:28:15.712] [warning] Coordinate.setValue:  coordinate Abs_t1 is locked. Unable to change its value.
[2024-04-28 19:28:15.712] [warning] Coordinate.setValue:  coordinate Abs_t2 is locked. Unable to change its value.
[2024-04-28 19:29:21.190] [info] Updating Model file from 40000 to latest format...
[2024-04-28 19:29:21.200] [info] Loaded model Pose2Sim_scaled from file C:\Users\user\Desktop\3d_temp\Model_Pose2Sim_Halpe26_scaled.osim
[2024-04-28 19:29:21.312] [warning] Coordinate.setValue:  coordinate mtp_angle_r is locked. Unable to change its value.
[2024-04-28 19:29:21.312] [warning] Coordinate.setValue:  coordinate mtp_angle_l is locked. Unable to change its value.
[2024-04-28 19:29:21.312] [warning] Coordinate.setValue:  coordinate Abs_t1 is locked. Unable to change its value.
[2024-04-28 19:29:21.312] [warning] Coordinate.setValue:  coordinate Abs_t2 is locked. Unable to change its value.
[2024-04-28 19:30:13.891] [info] Updating Model file from 40000 to latest format...
[2024-04-28 19:30:13.900] [info] Loaded model Pose2Sim_scaled from file C:\Users\user\Desktop\3d_temp\Model_Pose2Sim_Halpe26_scaled.osim
[2024-04-28 19:30:14.013] [warning] Coordinate.setValue:  coordinate mtp_angle_r is locked. Unable to change its value.
[2024-04-28 19:30:14.013] [warning] Coordinate.setValue:  coordinate mtp_angle_l is locked. Unable to change its value.
[2024-04-28 19:30:14.014] [warning] Coordinate.setValue:  coordinate Abs_t1 is locked. Unable to change its value.
[2024-04-28 19:30:14.014] [warning] Coordinate.setValue:  coordinate Abs_t2 is locked. Unable to change its value.
[2024-04-28 19:30:25.767] [info] Updating Model file from 40000 to latest format...
[2024-04-28 19:30:25.776] [info] Loaded model Pose2Sim_scaled from file C:\Users\user\Desktop\3d_temp\Model_Pose2Sim_Halpe26_scaled.osim
[2024-04-28 19:30:25.891] [warning] Coordinate.setValue:  coordinate mtp_angle_r is locked. Unable to change its value.
[2024-04-28 19:30:25.891] [warning] Coordinate.setValue:  coordinate mtp_angle_l is locked. Unable to change its value.
[2024-04-28 19:30:25.891] [warning] Coordinate.setValue:  coordinate Abs_t1 is locked. Unable to change its value.
[2024-04-28 19:30:25.891] [warning] Coordinate.setValue:  coordinate Abs_t2 is locked. Unable to change its value.
[2024-04-29 11:20:42.444] [info] Updating Model file from 40000 to latest format...
[2024-04-29 11:20:42.454] [info] Loaded model Pose2Sim_scaled from file C:\Users\user\Desktop\3d_temp\Model_Pose2Sim_Halpe26_scaled.osim
[2024-04-29 11:20:43.021] [warning] Coordinate.setValue:  coordinate mtp_angle_r is locked. Unable to change its value.
[2024-04-29 11:20:43.021] [warning] Coordinate.setValue:  coordinate mtp_angle_l is locked. Unable to change its value.
[2024-04-29 11:20:43.022] [warning] Coordinate.setValue:  coordinate Abs_t1 is locked. Unable to change its value.
[2024-04-29 11:20:43.022] [warning] Coordinate.setValue:  coordinate Abs_t2 is locked. Unable to change its value.
[2024-04-29 17:41:43.404] [info] Updating Model file from 40000 to latest format...
[2024-04-29 17:41:43.415] [info] Loaded model Pose2Sim_scaled from file C:\Users\user\Desktop\3d_temp\Model_Pose2Sim_Halpe26_scaled.osim
[2024-04-29 17:41:43.992] [warning] Coordinate.setValue:  coordinate mtp_angle_r is locked. Unable to change its value.
[2024-04-29 17:41:43.992] [warning] Coordinate.setValue:  coordinate mtp_angle_l is locked. Unable to change its value.
[2024-04-29 17:41:43.992] [warning] Coordinate.setValue:  coordinate Abs_t1 is locked. Unable to change its value.
[2024-04-29 17:41:43.993] [warning] Coordinate.setValue:  coordinate Abs_t2 is locked. Unable to change its value.
[2024-04-29 17:43:05.938] [info] Updating Model file from 40000 to latest format...
[2024-04-29 17:43:05.948] [info] Loaded model Pose2Sim_scaled from file C:\Users\user\Desktop\3d_temp\Model_Pose2Sim_Halpe26_scaled.osim
[2024-04-29 17:43:06.072] [warning] Coordinate.setValue:  coordinate mtp_angle_r is locked. Unable to change its value.
[2024-04-29 17:43:06.072] [warning] Coordinate.setValue:  coordinate mtp_angle_l is locked. Unable to change its value.
[2024-04-29 17:43:06.073] [warning] Coordinate.setValue:  coordinate Abs_t1 is locked. Unable to change its value.
[2024-04-29 17:43:06.073] [warning] Coordinate.setValue:  coordinate Abs_t2 is locked. Unable to change its value.
[2024-04-29 22:12:19.780] [info] Updating Model file from 40000 to latest format...
[2024-04-29 22:12:19.791] [info] Loaded model Pose2Sim_scaled from file C:\Users\user\Desktop\3d_temp\Model_Pose2Sim_Halpe26_scaled.osim
[2024-04-29 22:12:20.368] [warning] Coordinate.setValue:  coordinate mtp_angle_r is locked. Unable to change its value.
[2024-04-29 22:12:20.368] [warning] Coordinate.setValue:  coordinate mtp_angle_l is locked. Unable to change its value.
[2024-04-29 22:12:20.368] [warning] Coordinate.setValue:  coordinate Abs_t1 is locked. Unable to change its value.
[2024-04-29 22:12:20.368] [warning] Coordinate.setValue:  coordinate Abs_t2 is locked. Unable to change its value.
[2024-04-29 22:50:23.055] [info] Updating Model file from 40000 to latest format...
[2024-04-29 22:50:23.065] [info] Loaded model Pose2Sim_scaled from file C:\Users\user\Desktop\3d_temp\Model_Pose2Sim_Halpe26_scaled.osim
[2024-04-29 22:50:23.174] [warning] Coordinate.setValue:  coordinate mtp_angle_r is locked. Unable to change its value.
[2024-04-29 22:50:23.174] [warning] Coordinate.setValue:  coordinate mtp_angle_l is locked. Unable to change its value.
[2024-04-29 22:50:23.174] [warning] Coordinate.setValue:  coordinate Abs_t1 is locked. Unable to change its value.
[2024-04-29 22:50:23.175] [warning] Coordinate.setValue:  coordinate Abs_t2 is locked. Unable to change its value.
